<?xml version="1.0" encoding="UTF-8"?>
<testsuite xmlns:xsi="http://www.w3.org/2001/XMLSchema-instance" xsi:noNamespaceSchemaLocation="https://maven.apache.org/surefire/maven-surefire-plugin/xsd/surefire-test-report-3.0.xsd" version="3.0" name="org.openmrs.module.premium.omod.AdminListExtensionTest" time="0.459" tests="2" errors="0" skipped="0" failures="0">
  <properties>
    <property name="java.specification.version" value="17"/>
    <property name="sun.cpu.isalist" value="amd64"/>
    <property name="sun.jnu.encoding" value="Cp1252"/>
    <property name="java.class.path" value="E:\FinalProject\openmrssecondmodule\omod\target\test-classes;E:\FinalProject\openmrssecondmodule\omod\target\classes;E:\FinalProject\openmrssecondmodule\api\target\premium-api-1.0.0-SNAPSHOT.jar;C:\Users\Asus\.m2\repository\org\openmrs\module\helloworld-api\1.0.0-SNAPSHOT\helloworld-api-1.0.0-SNAPSHOT.jar;C:\Users\Asus\.m2\repository\org\openmrs\api\openmrs-api\2.4.0\openmrs-api-2.4.0.jar;C:\Users\Asus\.m2\repository\commons-collections\commons-collections\3.2.2\commons-collections-3.2.2.jar;C:\Users\Asus\.m2\repository\org\apache\commons\commons-lang3\3.11\commons-lang3-3.11.jar;C:\Users\Asus\.m2\repository\commons-beanutils\commons-beanutils\1.9.4\commons-beanutils-1.9.4.jar;C:\Users\Asus\.m2\repository\commons-validator\commons-validator\1.7\commons-validator-1.7.jar;C:\Users\Asus\.m2\repository\commons-digester\commons-digester\2.1\commons-digester-2.1.jar;C:\Users\Asus\.m2\repository\commons-logging\commons-logging\1.2\commons-logging-1.2.jar;C:\Users\Asus\.m2\repository\commons-io\commons-io\2.8.0\commons-io-2.8.0.jar;C:\Users\Asus\.m2\repository\org\azeckoski\reflectutils\0.9.20\reflectutils-0.9.20.jar;C:\Users\Asus\.m2\repository\org\apache\velocity\velocity\1.7\velocity-1.7.jar;C:\Users\Asus\.m2\repository\commons-lang\commons-lang\2.4\commons-lang-2.4.jar;C:\Users\Asus\.m2\repository\org\springframework\spring-core\5.2.9.RELEASE\spring-core-5.2.9.RELEASE.jar;C:\Users\Asus\.m2\repository\org\springframework\spring-jcl\5.2.9.RELEASE\spring-jcl-5.2.9.RELEASE.jar;C:\Users\Asus\.m2\repository\org\springframework\spring-beans\5.2.9.RELEASE\spring-beans-5.2.9.RELEASE.jar;C:\Users\Asus\.m2\repository\org\springframework\spring-context\5.2.9.RELEASE\spring-context-5.2.9.RELEASE.jar;C:\Users\Asus\.m2\repository\org\springframework\spring-expression\5.2.9.RELEASE\spring-expression-5.2.9.RELEASE.jar;C:\Users\Asus\.m2\repository\org\springframework\spring-aop\5.2.9.RELEASE\spring-aop-5.2.9.RELEASE.jar;C:\Users\Asus\.m2\repository\org\springframework\spring-orm\5.2.9.RELEASE\spring-orm-5.2.9.RELEASE.jar;C:\Users\Asus\.m2\repository\org\springframework\spring-tx\5.2.9.RELEASE\spring-tx-5.2.9.RELEASE.jar;C:\Users\Asus\.m2\repository\org\springframework\spring-jdbc\5.2.9.RELEASE\spring-jdbc-5.2.9.RELEASE.jar;C:\Users\Asus\.m2\repository\org\springframework\spring-context-support\5.2.9.RELEASE\spring-context-support-5.2.9.RELEASE.jar;C:\Users\Asus\.m2\repository\ca\uhn\hapi\hapi-base\2.1\hapi-base-2.1.jar;C:\Users\Asus\.m2\repository\ca\uhn\hapi\hapi-structures-v23\2.1\hapi-structures-v23-2.1.jar;C:\Users\Asus\.m2\repository\ca\uhn\hapi\hapi-structures-v24\2.1\hapi-structures-v24-2.1.jar;C:\Users\Asus\.m2\repository\ca\uhn\hapi\hapi-structures-v25\2.1\hapi-structures-v25-2.1.jar;C:\Users\Asus\.m2\repository\ca\uhn\hapi\hapi-structures-v26\2.1\hapi-structures-v26-2.1.jar;C:\Users\Asus\.m2\repository\org\javassist\javassist\3.27.0-GA\javassist-3.27.0-GA.jar;C:\Users\Asus\.m2\repository\org\hibernate\hibernate-core\5.4.21.Final\hibernate-core-5.4.21.Final.jar;C:\Users\Asus\.m2\repository\javax\persistence\javax.persistence-api\2.2\javax.persistence-api-2.2.jar;C:\Users\Asus\.m2\repository\net\bytebuddy\byte-buddy\1.10.10\byte-buddy-1.10.10.jar;C:\Users\Asus\.m2\repository\antlr\antlr\2.7.7\antlr-2.7.7.jar;C:\Users\Asus\.m2\repository\org\jboss\spec\javax\transaction\jboss-transaction-api_1.2_spec\1.1.1.Final\jboss-transaction-api_1.2_spec-1.1.1.Final.jar;C:\Users\Asus\.m2\repository\org\jboss\jandex\2.1.3.Final\jandex-2.1.3.Final.jar;C:\Users\Asus\.m2\repository\com\fasterxml\classmate\1.5.1\classmate-1.5.1.jar;C:\Users\Asus\.m2\repository\javax\activation\javax.activation-api\1.2.0\javax.activation-api-1.2.0.jar;C:\Users\Asus\.m2\repository\org\dom4j\dom4j\2.1.3\dom4j-2.1.3.jar;C:\Users\Asus\.m2\repository\org\hibernate\common\hibernate-commons-annotations\5.1.0.Final\hibernate-commons-annotations-5.1.0.Final.jar;C:\Users\Asus\.m2\repository\javax\xml\bind\jaxb-api\2.3.1\jaxb-api-2.3.1.jar;C:\Users\Asus\.m2\repository\org\glassfish\jaxb\jaxb-runtime\2.3.1\jaxb-runtime-2.3.1.jar;C:\Users\Asus\.m2\repository\org\glassfish\jaxb\txw2\2.3.1\txw2-2.3.1.jar;C:\Users\Asus\.m2\repository\com\sun\istack\istack-commons-runtime\3.0.7\istack-commons-runtime-3.0.7.jar;C:\Users\Asus\.m2\repository\org\jvnet\staxex\stax-ex\1.8\stax-ex-1.8.jar;C:\Users\Asus\.m2\repository\com\sun\xml\fastinfoset\FastInfoset\1.2.15\FastInfoset-1.2.15.jar;C:\Users\Asus\.m2\repository\org\hibernate\hibernate-c3p0\5.4.21.Final\hibernate-c3p0-5.4.21.Final.jar;C:\Users\Asus\.m2\repository\com\mchange\c3p0\0.9.5.5\c3p0-0.9.5.5.jar;C:\Users\Asus\.m2\repository\com\mchange\mchange-commons-java\0.2.19\mchange-commons-java-0.2.19.jar;C:\Users\Asus\.m2\repository\org\hibernate\hibernate-ehcache\5.4.21.Final\hibernate-ehcache-5.4.21.Final.jar;C:\Users\Asus\.m2\repository\org\hibernate\hibernate-search-orm\5.11.5.Final\hibernate-search-orm-5.11.5.Final.jar;C:\Users\Asus\.m2\repository\org\hibernate\hibernate-search-engine\5.11.5.Final\hibernate-search-engine-5.11.5.Final.jar;C:\Users\Asus\.m2\repository\org\apache\lucene\lucene-misc\5.5.5\lucene-misc-5.5.5.jar;C:\Users\Asus\.m2\repository\org\apache\lucene\lucene-facet\5.5.5\lucene-facet-5.5.5.jar;C:\Users\Asus\.m2\repository\org\apache\lucene\lucene-queryparser\5.5.5\lucene-queryparser-5.5.5.jar;C:\Users\Asus\.m2\repository\org\apache\lucene\lucene-core\5.5.5\lucene-core-5.5.5.jar;C:\Users\Asus\.m2\repository\org\apache\lucene\lucene-sandbox\5.5.5\lucene-sandbox-5.5.5.jar;C:\Users\Asus\.m2\repository\org\apache\lucene\lucene-queries\5.5.5\lucene-queries-5.5.5.jar;C:\Users\Asus\.m2\repository\org\apache\lucene\lucene-backward-codecs\5.5.5\lucene-backward-codecs-5.5.5.jar;C:\Users\Asus\.m2\repository\org\apache\logging\log4j\log4j-core\2.13.3\log4j-core-2.13.3.jar;C:\Users\Asus\.m2\repository\org\apache\logging\log4j\log4j-api\2.13.3\log4j-api-2.13.3.jar;C:\Users\Asus\.m2\repository\org\apache\logging\log4j\log4j-slf4j-impl\2.13.3\log4j-slf4j-impl-2.13.3.jar;C:\Users\Asus\.m2\repository\org\apache\logging\log4j\log4j-1.2-api\2.13.3\log4j-1.2-api-2.13.3.jar;C:\Users\Asus\.m2\repository\org\jboss\logging\jboss-logging\3.4.1.Final\jboss-logging-3.4.1.Final.jar;C:\Users\Asus\.m2\repository\org\slf4j\slf4j-api\1.7.30\slf4j-api-1.7.30.jar;C:\Users\Asus\.m2\repository\org\slf4j\log4j-over-slf4j\1.7.30\log4j-over-slf4j-1.7.30.jar;C:\Users\Asus\.m2\repository\com\thoughtworks\xstream\xstream\1.4.12\xstream-1.4.12.jar;C:\Users\Asus\.m2\repository\xmlpull\xmlpull\1.1.3.1\xmlpull-1.1.3.1.jar;C:\Users\Asus\.m2\repository\xpp3\xpp3_min\1.1.4c\xpp3_min-1.1.4c.jar;C:\Users\Asus\.m2\repository\javax\mail\javax.mail-api\1.6.2\javax.mail-api-1.6.2.jar;C:\Users\Asus\.m2\repository\org\liquibase\liquibase-core\3.10.2\liquibase-core-3.10.2.jar;C:\Users\Asus\.m2\repository\xerces\xercesImpl\2.12.0\xercesImpl-2.12.0.jar;C:\Users\Asus\.m2\repository\xml-apis\xml-apis\1.4.01\xml-apis-1.4.01.jar;C:\Users\Asus\.m2\repository\javax\validation\validation-api\2.0.1.Final\validation-api-2.0.1.Final.jar;C:\Users\Asus\.m2\repository\org\hibernate\hibernate-validator\5.4.3.Final\hibernate-validator-5.4.3.Final.jar;C:\Users\Asus\.m2\repository\org\codehaus\jackson\jackson-core-asl\1.9.13\jackson-core-asl-1.9.13.jar;C:\Users\Asus\.m2\repository\org\codehaus\jackson\jackson-mapper-asl\1.9.13\jackson-mapper-asl-1.9.13.jar;C:\Users\Asus\.m2\repository\com\fasterxml\jackson\core\jackson-core\2.11.2\jackson-core-2.11.2.jar;C:\Users\Asus\.m2\repository\com\fasterxml\jackson\core\jackson-annotations\2.11.2\jackson-annotations-2.11.2.jar;C:\Users\Asus\.m2\repository\com\fasterxml\jackson\core\jackson-databind\2.11.2\jackson-databind-2.11.2.jar;C:\Users\Asus\.m2\repository\org\codehaus\groovy\groovy-all\2.4.20\groovy-all-2.4.20.jar;C:\Users\Asus\.m2\repository\net\sf\ehcache\ehcache\2.10.6\ehcache-2.10.6.jar;C:\Users\Asus\.m2\repository\org\aspectj\aspectjrt\1.9.6\aspectjrt-1.9.6.jar;C:\Users\Asus\.m2\repository\org\aspectj\aspectjweaver\1.9.6\aspectjweaver-1.9.6.jar;C:\Users\Asus\.m2\repository\joda-time\joda-time\2.10.6\joda-time-2.10.6.jar;C:\Users\Asus\.m2\repository\javax\annotation\javax.annotation-api\1.3.2\javax.annotation-api-1.3.2.jar;C:\Users\Asus\.m2\repository\com\sun\activation\javax.activation\1.2.0\javax.activation-1.2.0.jar;C:\Users\Asus\.m2\repository\jakarta\xml\bind\jakarta.xml.bind-api\3.0.0-RC3\jakarta.xml.bind-api-3.0.0-RC3.jar;C:\Users\Asus\.m2\repository\jakarta\activation\jakarta.activation-api\2.0.0-RC3\jakarta.activation-api-2.0.0-RC3.jar;C:\Users\Asus\.m2\repository\com\sun\xml\bind\jaxb-impl\3.0.0-M4\jaxb-impl-3.0.0-M4.jar;C:\Users\Asus\.m2\repository\com\sun\xml\bind\jaxb-core\3.0.0-M4\jaxb-core-3.0.0-M4.jar;C:\Users\Asus\.m2\repository\com\sun\activation\jakarta.activation\2.0.0-RC3\jakarta.activation-2.0.0-RC3.jar;C:\Users\Asus\.m2\repository\org\apache\lucene\lucene-analyzers-phonetic\5.5.5\lucene-analyzers-phonetic-5.5.5.jar;C:\Users\Asus\.m2\repository\org\apache\lucene\lucene-analyzers-common\5.5.5\lucene-analyzers-common-5.5.5.jar;C:\Users\Asus\.m2\repository\org\openmrs\web\openmrs-web\2.4.0\openmrs-web-2.4.0.jar;C:\Users\Asus\.m2\repository\javax\servlet\jsp-api\2.0\jsp-api-2.0.jar;C:\Users\Asus\.m2\repository\javax\servlet\servlet-api\2.4\servlet-api-2.4.jar;C:\Users\Asus\.m2\repository\javax\servlet\jsp\jstl\javax.servlet.jsp.jstl-api\1.2.2\javax.servlet.jsp.jstl-api-1.2.2.jar;C:\Users\Asus\.m2\repository\commons-fileupload\commons-fileupload\1.4\commons-fileupload-1.4.jar;C:\Users\Asus\.m2\repository\org\springframework\spring-web\5.2.9.RELEASE\spring-web-5.2.9.RELEASE.jar;C:\Users\Asus\.m2\repository\org\springframework\spring-webmvc\5.2.9.RELEASE\spring-webmvc-5.2.9.RELEASE.jar;C:\Users\Asus\.m2\repository\org\springframework\spring-oxm\5.2.9.RELEASE\spring-oxm-5.2.9.RELEASE.jar;C:\Users\Asus\.m2\repository\mysql\mysql-connector-java\8.0.21\mysql-connector-java-8.0.21.jar;C:\Users\Asus\.m2\repository\com\google\protobuf\protobuf-java\3.11.4\protobuf-java-3.11.4.jar;C:\Users\Asus\.m2\repository\org\postgresql\postgresql\42.2.16\postgresql-42.2.16.jar;C:\Users\Asus\.m2\repository\org\checkerframework\checker-qual\3.5.0\checker-qual-3.5.0.jar;C:\Users\Asus\.m2\repository\taglibs\request\1.0.1\request-1.0.1.jar;C:\Users\Asus\.m2\repository\taglibs\response\1.0.1\response-1.0.1.jar;C:\Users\Asus\.m2\repository\taglibs\standard\1.1.2\standard-1.1.2.jar;C:\Users\Asus\.m2\repository\taglibs\page\1.0.1\page-1.0.1.jar;C:\Users\Asus\.m2\repository\org\slf4j\jcl-over-slf4j\1.7.30\jcl-over-slf4j-1.7.30.jar;C:\Users\Asus\.m2\repository\org\apache\velocity\velocity-tools\2.0\velocity-tools-2.0.jar;C:\Users\Asus\.m2\repository\commons-chain\commons-chain\1.1\commons-chain-1.1.jar;C:\Users\Asus\.m2\repository\oro\oro\2.0.8\oro-2.0.8.jar;C:\Users\Asus\.m2\repository\sslext\sslext\1.2-0\sslext-1.2-0.jar;C:\Users\Asus\.m2\repository\org\apache\struts\struts-core\1.3.8\struts-core-1.3.8.jar;C:\Users\Asus\.m2\repository\org\apache\struts\struts-taglib\1.3.8\struts-taglib-1.3.8.jar;C:\Users\Asus\.m2\repository\org\apache\struts\struts-tiles\1.3.8\struts-tiles-1.3.8.jar;C:\Users\Asus\.m2\repository\org\owasp\encoder\encoder\1.2.2\encoder-1.2.2.jar;C:\Users\Asus\.m2\repository\org\openmrs\module\webservices.rest-omod\2.9\webservices.rest-omod-2.9.jar;C:\Users\Asus\.m2\repository\org\openmrs\module\webservices.rest-omod-1.8\2.9\webservices.rest-omod-1.8-2.9.jar;C:\Users\Asus\.m2\repository\org\openmrs\module\webservices.rest-omod-1.9\2.9\webservices.rest-omod-1.9-2.9.jar;C:\Users\Asus\.m2\repository\org\openmrs\module\webservices.rest-omod-1.10\2.9\webservices.rest-omod-1.10-2.9.jar;C:\Users\Asus\.m2\repository\commons-codec\commons-codec\1.5\commons-codec-1.5.jar;C:\Users\Asus\.m2\repository\org\openmrs\module\webservices.rest-omod-common\2.9\webservices.rest-omod-common-2.9.jar;C:\Users\Asus\.m2\repository\org\openmrs\module\legacyui-omod\1.8.0\legacyui-omod-1.8.0.jar;C:\Users\Asus\.m2\repository\org\openmrs\module\legacyui-api\1.8.0\legacyui-api-1.8.0.jar;C:\Users\Asus\.m2\repository\org\openmrs\directwebremoting\dwr\2.0.7-mod\dwr-2.0.7-mod.jar;C:\Users\Asus\.m2\repository\jfree\jfreechart\1.0.12\jfreechart-1.0.12.jar;C:\Users\Asus\.m2\repository\jfree\jcommon\1.0.15\jcommon-1.0.15.jar;C:\Users\Asus\.m2\repository\junit\junit\4.13.2\junit-4.13.2.jar;C:\Users\Asus\.m2\repository\org\hamcrest\hamcrest-core\1.3\hamcrest-core-1.3.jar;"/>
    <property name="java.vm.vendor" value="Microsoft"/>
    <property name="sun.arch.data.model" value="64"/>
    <property name="user.variant" value=""/>
    <property name="java.vendor.url" value="https://www.microsoft.com"/>
    <property name="user.timezone" value="Asia/Katmandu"/>
    <property name="os.name" value="Windows 10"/>
    <property name="java.vm.specification.version" value="17"/>
    <property name="sun.java.launcher" value="SUN_STANDARD"/>
    <property name="user.country" value="IN"/>
    <property name="sun.boot.library.path" value="C:\Program Files\Microsoft\jdk-17.0.12.7-hotspot\bin"/>
    <property name="sun.java.command" value="C:\Users\Asus\AppData\Local\Temp\surefire11053448872499557310\surefirebooter-20250417213413717_3.jar C:\Users\Asus\AppData\Local\Temp\surefire11053448872499557310 2025-04-17T21-34-10_357-jvmRun1 surefire-20250417213413717_1tmp surefire_0-20250417213413717_2tmp"/>
    <property name="jdk.debug" value="release"/>
    <property name="surefire.test.class.path" value="E:\FinalProject\openmrssecondmodule\omod\target\test-classes;E:\FinalProject\openmrssecondmodule\omod\target\classes;E:\FinalProject\openmrssecondmodule\api\target\premium-api-1.0.0-SNAPSHOT.jar;C:\Users\Asus\.m2\repository\org\openmrs\module\helloworld-api\1.0.0-SNAPSHOT\helloworld-api-1.0.0-SNAPSHOT.jar;C:\Users\Asus\.m2\repository\org\openmrs\api\openmrs-api\2.4.0\openmrs-api-2.4.0.jar;C:\Users\Asus\.m2\repository\commons-collections\commons-collections\3.2.2\commons-collections-3.2.2.jar;C:\Users\Asus\.m2\repository\org\apache\commons\commons-lang3\3.11\commons-lang3-3.11.jar;C:\Users\Asus\.m2\repository\commons-beanutils\commons-beanutils\1.9.4\commons-beanutils-1.9.4.jar;C:\Users\Asus\.m2\repository\commons-validator\commons-validator\1.7\commons-validator-1.7.jar;C:\Users\Asus\.m2\repository\commons-digester\commons-digester\2.1\commons-digester-2.1.jar;C:\Users\Asus\.m2\repository\commons-logging\commons-logging\1.2\commons-logging-1.2.jar;C:\Users\Asus\.m2\repository\commons-io\commons-io\2.8.0\commons-io-2.8.0.jar;C:\Users\Asus\.m2\repository\org\azeckoski\reflectutils\0.9.20\reflectutils-0.9.20.jar;C:\Users\Asus\.m2\repository\org\apache\velocity\velocity\1.7\velocity-1.7.jar;C:\Users\Asus\.m2\repository\commons-lang\commons-lang\2.4\commons-lang-2.4.jar;C:\Users\Asus\.m2\repository\org\springframework\spring-core\5.2.9.RELEASE\spring-core-5.2.9.RELEASE.jar;C:\Users\Asus\.m2\repository\org\springframework\spring-jcl\5.2.9.RELEASE\spring-jcl-5.2.9.RELEASE.jar;C:\Users\Asus\.m2\repository\org\springframework\spring-beans\5.2.9.RELEASE\spring-beans-5.2.9.RELEASE.jar;C:\Users\Asus\.m2\repository\org\springframework\spring-context\5.2.9.RELEASE\spring-context-5.2.9.RELEASE.jar;C:\Users\Asus\.m2\repository\org\springframework\spring-expression\5.2.9.RELEASE\spring-expression-5.2.9.RELEASE.jar;C:\Users\Asus\.m2\repository\org\springframework\spring-aop\5.2.9.RELEASE\spring-aop-5.2.9.RELEASE.jar;C:\Users\Asus\.m2\repository\org\springframework\spring-orm\5.2.9.RELEASE\spring-orm-5.2.9.RELEASE.jar;C:\Users\Asus\.m2\repository\org\springframework\spring-tx\5.2.9.RELEASE\spring-tx-5.2.9.RELEASE.jar;C:\Users\Asus\.m2\repository\org\springframework\spring-jdbc\5.2.9.RELEASE\spring-jdbc-5.2.9.RELEASE.jar;C:\Users\Asus\.m2\repository\org\springframework\spring-context-support\5.2.9.RELEASE\spring-context-support-5.2.9.RELEASE.jar;C:\Users\Asus\.m2\repository\ca\uhn\hapi\hapi-base\2.1\hapi-base-2.1.jar;C:\Users\Asus\.m2\repository\ca\uhn\hapi\hapi-structures-v23\2.1\hapi-structures-v23-2.1.jar;C:\Users\Asus\.m2\repository\ca\uhn\hapi\hapi-structures-v24\2.1\hapi-structures-v24-2.1.jar;C:\Users\Asus\.m2\repository\ca\uhn\hapi\hapi-structures-v25\2.1\hapi-structures-v25-2.1.jar;C:\Users\Asus\.m2\repository\ca\uhn\hapi\hapi-structures-v26\2.1\hapi-structures-v26-2.1.jar;C:\Users\Asus\.m2\repository\org\javassist\javassist\3.27.0-GA\javassist-3.27.0-GA.jar;C:\Users\Asus\.m2\repository\org\hibernate\hibernate-core\5.4.21.Final\hibernate-core-5.4.21.Final.jar;C:\Users\Asus\.m2\repository\javax\persistence\javax.persistence-api\2.2\javax.persistence-api-2.2.jar;C:\Users\Asus\.m2\repository\net\bytebuddy\byte-buddy\1.10.10\byte-buddy-1.10.10.jar;C:\Users\Asus\.m2\repository\antlr\antlr\2.7.7\antlr-2.7.7.jar;C:\Users\Asus\.m2\repository\org\jboss\spec\javax\transaction\jboss-transaction-api_1.2_spec\1.1.1.Final\jboss-transaction-api_1.2_spec-1.1.1.Final.jar;C:\Users\Asus\.m2\repository\org\jboss\jandex\2.1.3.Final\jandex-2.1.3.Final.jar;C:\Users\Asus\.m2\repository\com\fasterxml\classmate\1.5.1\classmate-1.5.1.jar;C:\Users\Asus\.m2\repository\javax\activation\javax.activation-api\1.2.0\javax.activation-api-1.2.0.jar;C:\Users\Asus\.m2\repository\org\dom4j\dom4j\2.1.3\dom4j-2.1.3.jar;C:\Users\Asus\.m2\repository\org\hibernate\common\hibernate-commons-annotations\5.1.0.Final\hibernate-commons-annotations-5.1.0.Final.jar;C:\Users\Asus\.m2\repository\javax\xml\bind\jaxb-api\2.3.1\jaxb-api-2.3.1.jar;C:\Users\Asus\.m2\repository\org\glassfish\jaxb\jaxb-runtime\2.3.1\jaxb-runtime-2.3.1.jar;C:\Users\Asus\.m2\repository\org\glassfish\jaxb\txw2\2.3.1\txw2-2.3.1.jar;C:\Users\Asus\.m2\repository\com\sun\istack\istack-commons-runtime\3.0.7\istack-commons-runtime-3.0.7.jar;C:\Users\Asus\.m2\repository\org\jvnet\staxex\stax-ex\1.8\stax-ex-1.8.jar;C:\Users\Asus\.m2\repository\com\sun\xml\fastinfoset\FastInfoset\1.2.15\FastInfoset-1.2.15.jar;C:\Users\Asus\.m2\repository\org\hibernate\hibernate-c3p0\5.4.21.Final\hibernate-c3p0-5.4.21.Final.jar;C:\Users\Asus\.m2\repository\com\mchange\c3p0\0.9.5.5\c3p0-0.9.5.5.jar;C:\Users\Asus\.m2\repository\com\mchange\mchange-commons-java\0.2.19\mchange-commons-java-0.2.19.jar;C:\Users\Asus\.m2\repository\org\hibernate\hibernate-ehcache\5.4.21.Final\hibernate-ehcache-5.4.21.Final.jar;C:\Users\Asus\.m2\repository\org\hibernate\hibernate-search-orm\5.11.5.Final\hibernate-search-orm-5.11.5.Final.jar;C:\Users\Asus\.m2\repository\org\hibernate\hibernate-search-engine\5.11.5.Final\hibernate-search-engine-5.11.5.Final.jar;C:\Users\Asus\.m2\repository\org\apache\lucene\lucene-misc\5.5.5\lucene-misc-5.5.5.jar;C:\Users\Asus\.m2\repository\org\apache\lucene\lucene-facet\5.5.5\lucene-facet-5.5.5.jar;C:\Users\Asus\.m2\repository\org\apache\lucene\lucene-queryparser\5.5.5\lucene-queryparser-5.5.5.jar;C:\Users\Asus\.m2\repository\org\apache\lucene\lucene-core\5.5.5\lucene-core-5.5.5.jar;C:\Users\Asus\.m2\repository\org\apache\lucene\lucene-sandbox\5.5.5\lucene-sandbox-5.5.5.jar;C:\Users\Asus\.m2\repository\org\apache\lucene\lucene-queries\5.5.5\lucene-queries-5.5.5.jar;C:\Users\Asus\.m2\repository\org\apache\lucene\lucene-backward-codecs\5.5.5\lucene-backward-codecs-5.5.5.jar;C:\Users\Asus\.m2\repository\org\apache\logging\log4j\log4j-core\2.13.3\log4j-core-2.13.3.jar;C:\Users\Asus\.m2\repository\org\apache\logging\log4j\log4j-api\2.13.3\log4j-api-2.13.3.jar;C:\Users\Asus\.m2\repository\org\apache\logging\log4j\log4j-slf4j-impl\2.13.3\log4j-slf4j-impl-2.13.3.jar;C:\Users\Asus\.m2\repository\org\apache\logging\log4j\log4j-1.2-api\2.13.3\log4j-1.2-api-2.13.3.jar;C:\Users\Asus\.m2\repository\org\jboss\logging\jboss-logging\3.4.1.Final\jboss-logging-3.4.1.Final.jar;C:\Users\Asus\.m2\repository\org\slf4j\slf4j-api\1.7.30\slf4j-api-1.7.30.jar;C:\Users\Asus\.m2\repository\org\slf4j\log4j-over-slf4j\1.7.30\log4j-over-slf4j-1.7.30.jar;C:\Users\Asus\.m2\repository\com\thoughtworks\xstream\xstream\1.4.12\xstream-1.4.12.jar;C:\Users\Asus\.m2\repository\xmlpull\xmlpull\1.1.3.1\xmlpull-1.1.3.1.jar;C:\Users\Asus\.m2\repository\xpp3\xpp3_min\1.1.4c\xpp3_min-1.1.4c.jar;C:\Users\Asus\.m2\repository\javax\mail\javax.mail-api\1.6.2\javax.mail-api-1.6.2.jar;C:\Users\Asus\.m2\repository\org\liquibase\liquibase-core\3.10.2\liquibase-core-3.10.2.jar;C:\Users\Asus\.m2\repository\xerces\xercesImpl\2.12.0\xercesImpl-2.12.0.jar;C:\Users\Asus\.m2\repository\xml-apis\xml-apis\1.4.01\xml-apis-1.4.01.jar;C:\Users\Asus\.m2\repository\javax\validation\validation-api\2.0.1.Final\validation-api-2.0.1.Final.jar;C:\Users\Asus\.m2\repository\org\hibernate\hibernate-validator\5.4.3.Final\hibernate-validator-5.4.3.Final.jar;C:\Users\Asus\.m2\repository\org\codehaus\jackson\jackson-core-asl\1.9.13\jackson-core-asl-1.9.13.jar;C:\Users\Asus\.m2\repository\org\codehaus\jackson\jackson-mapper-asl\1.9.13\jackson-mapper-asl-1.9.13.jar;C:\Users\Asus\.m2\repository\com\fasterxml\jackson\core\jackson-core\2.11.2\jackson-core-2.11.2.jar;C:\Users\Asus\.m2\repository\com\fasterxml\jackson\core\jackson-annotations\2.11.2\jackson-annotations-2.11.2.jar;C:\Users\Asus\.m2\repository\com\fasterxml\jackson\core\jackson-databind\2.11.2\jackson-databind-2.11.2.jar;C:\Users\Asus\.m2\repository\org\codehaus\groovy\groovy-all\2.4.20\groovy-all-2.4.20.jar;C:\Users\Asus\.m2\repository\net\sf\ehcache\ehcache\2.10.6\ehcache-2.10.6.jar;C:\Users\Asus\.m2\repository\org\aspectj\aspectjrt\1.9.6\aspectjrt-1.9.6.jar;C:\Users\Asus\.m2\repository\org\aspectj\aspectjweaver\1.9.6\aspectjweaver-1.9.6.jar;C:\Users\Asus\.m2\repository\joda-time\joda-time\2.10.6\joda-time-2.10.6.jar;C:\Users\Asus\.m2\repository\javax\annotation\javax.annotation-api\1.3.2\javax.annotation-api-1.3.2.jar;C:\Users\Asus\.m2\repository\com\sun\activation\javax.activation\1.2.0\javax.activation-1.2.0.jar;C:\Users\Asus\.m2\repository\jakarta\xml\bind\jakarta.xml.bind-api\3.0.0-RC3\jakarta.xml.bind-api-3.0.0-RC3.jar;C:\Users\Asus\.m2\repository\jakarta\activation\jakarta.activation-api\2.0.0-RC3\jakarta.activation-api-2.0.0-RC3.jar;C:\Users\Asus\.m2\repository\com\sun\xml\bind\jaxb-impl\3.0.0-M4\jaxb-impl-3.0.0-M4.jar;C:\Users\Asus\.m2\repository\com\sun\xml\bind\jaxb-core\3.0.0-M4\jaxb-core-3.0.0-M4.jar;C:\Users\Asus\.m2\repository\com\sun\activation\jakarta.activation\2.0.0-RC3\jakarta.activation-2.0.0-RC3.jar;C:\Users\Asus\.m2\repository\org\apache\lucene\lucene-analyzers-phonetic\5.5.5\lucene-analyzers-phonetic-5.5.5.jar;C:\Users\Asus\.m2\repository\org\apache\lucene\lucene-analyzers-common\5.5.5\lucene-analyzers-common-5.5.5.jar;C:\Users\Asus\.m2\repository\org\openmrs\web\openmrs-web\2.4.0\openmrs-web-2.4.0.jar;C:\Users\Asus\.m2\repository\javax\servlet\jsp-api\2.0\jsp-api-2.0.jar;C:\Users\Asus\.m2\repository\javax\servlet\servlet-api\2.4\servlet-api-2.4.jar;C:\Users\Asus\.m2\repository\javax\servlet\jsp\jstl\javax.servlet.jsp.jstl-api\1.2.2\javax.servlet.jsp.jstl-api-1.2.2.jar;C:\Users\Asus\.m2\repository\commons-fileupload\commons-fileupload\1.4\commons-fileupload-1.4.jar;C:\Users\Asus\.m2\repository\org\springframework\spring-web\5.2.9.RELEASE\spring-web-5.2.9.RELEASE.jar;C:\Users\Asus\.m2\repository\org\springframework\spring-webmvc\5.2.9.RELEASE\spring-webmvc-5.2.9.RELEASE.jar;C:\Users\Asus\.m2\repository\org\springframework\spring-oxm\5.2.9.RELEASE\spring-oxm-5.2.9.RELEASE.jar;C:\Users\Asus\.m2\repository\mysql\mysql-connector-java\8.0.21\mysql-connector-java-8.0.21.jar;C:\Users\Asus\.m2\repository\com\google\protobuf\protobuf-java\3.11.4\protobuf-java-3.11.4.jar;C:\Users\Asus\.m2\repository\org\postgresql\postgresql\42.2.16\postgresql-42.2.16.jar;C:\Users\Asus\.m2\repository\org\checkerframework\checker-qual\3.5.0\checker-qual-3.5.0.jar;C:\Users\Asus\.m2\repository\taglibs\request\1.0.1\request-1.0.1.jar;C:\Users\Asus\.m2\repository\taglibs\response\1.0.1\response-1.0.1.jar;C:\Users\Asus\.m2\repository\taglibs\standard\1.1.2\standard-1.1.2.jar;C:\Users\Asus\.m2\repository\taglibs\page\1.0.1\page-1.0.1.jar;C:\Users\Asus\.m2\repository\org\slf4j\jcl-over-slf4j\1.7.30\jcl-over-slf4j-1.7.30.jar;C:\Users\Asus\.m2\repository\org\apache\velocity\velocity-tools\2.0\velocity-tools-2.0.jar;C:\Users\Asus\.m2\repository\commons-chain\commons-chain\1.1\commons-chain-1.1.jar;C:\Users\Asus\.m2\repository\oro\oro\2.0.8\oro-2.0.8.jar;C:\Users\Asus\.m2\repository\sslext\sslext\1.2-0\sslext-1.2-0.jar;C:\Users\Asus\.m2\repository\org\apache\struts\struts-core\1.3.8\struts-core-1.3.8.jar;C:\Users\Asus\.m2\repository\org\apache\struts\struts-taglib\1.3.8\struts-taglib-1.3.8.jar;C:\Users\Asus\.m2\repository\org\apache\struts\struts-tiles\1.3.8\struts-tiles-1.3.8.jar;C:\Users\Asus\.m2\repository\org\owasp\encoder\encoder\1.2.2\encoder-1.2.2.jar;C:\Users\Asus\.m2\repository\org\openmrs\module\webservices.rest-omod\2.9\webservices.rest-omod-2.9.jar;C:\Users\Asus\.m2\repository\org\openmrs\module\webservices.rest-omod-1.8\2.9\webservices.rest-omod-1.8-2.9.jar;C:\Users\Asus\.m2\repository\org\openmrs\module\webservices.rest-omod-1.9\2.9\webservices.rest-omod-1.9-2.9.jar;C:\Users\Asus\.m2\repository\org\openmrs\module\webservices.rest-omod-1.10\2.9\webservices.rest-omod-1.10-2.9.jar;C:\Users\Asus\.m2\repository\commons-codec\commons-codec\1.5\commons-codec-1.5.jar;C:\Users\Asus\.m2\repository\org\openmrs\module\webservices.rest-omod-common\2.9\webservices.rest-omod-common-2.9.jar;C:\Users\Asus\.m2\repository\org\openmrs\module\legacyui-omod\1.8.0\legacyui-omod-1.8.0.jar;C:\Users\Asus\.m2\repository\org\openmrs\module\legacyui-api\1.8.0\legacyui-api-1.8.0.jar;C:\Users\Asus\.m2\repository\org\openmrs\directwebremoting\dwr\2.0.7-mod\dwr-2.0.7-mod.jar;C:\Users\Asus\.m2\repository\jfree\jfreechart\1.0.12\jfreechart-1.0.12.jar;C:\Users\Asus\.m2\repository\jfree\jcommon\1.0.15\jcommon-1.0.15.jar;C:\Users\Asus\.m2\repository\junit\junit\4.13.2\junit-4.13.2.jar;C:\Users\Asus\.m2\repository\org\hamcrest\hamcrest-core\1.3\hamcrest-core-1.3.jar;"/>
    <property name="sun.cpu.endian" value="little"/>
    <property name="user.home" value="C:\Users\Asus"/>
    <property name="user.language" value="en"/>
    <property name="java.specification.vendor" value="Oracle Corporation"/>
    <property name="java.version.date" value="2024-07-16"/>
    <property name="java.home" value="C:\Program Files\Microsoft\jdk-17.0.12.7-hotspot"/>
    <property name="file.separator" value="\"/>
    <property name="basedir" value="E:\FinalProject\openmrssecondmodule\omod"/>
    <property name="java.vm.compressedOopsMode" value="32-bit"/>
    <property name="line.separator" value="&#10;"/>
    <property name="java.vm.specification.vendor" value="Oracle Corporation"/>
    <property name="java.specification.name" value="Java Platform API Specification"/>
    <property name="surefire.real.class.path" value="C:\Users\Asus\AppData\Local\Temp\surefire11053448872499557310\surefirebooter-20250417213413717_3.jar"/>
    <property name="user.script" value=""/>
    <property name="sun.management.compiler" value="HotSpot 64-Bit Tiered Compilers"/>
    <property name="java.runtime.version" value="17.0.12+7-LTS"/>
    <property name="user.name" value="Asus"/>
    <property name="path.separator" value=";"/>
    <property name="os.version" value="10.0"/>
    <property name="java.runtime.name" value="OpenJDK Runtime Environment"/>
    <property name="file.encoding" value="Cp1252"/>
    <property name="java.vm.name" value="OpenJDK 64-Bit Server VM"/>
    <property name="java.vendor.version" value="Microsoft-9889599"/>
    <property name="localRepository" value="C:\Users\Asus\.m2\repository"/>
    <property name="java.vendor.url.bug" value="https://github.com/microsoft/openjdk/issues"/>
    <property name="java.io.tmpdir" value="C:\Users\Asus\AppData\Local\Temp\"/>
    <property name="java.version" value="17.0.12"/>
    <property name="user.dir" value="E:\FinalProject\openmrssecondmodule\omod"/>
    <property name="os.arch" value="amd64"/>
    <property name="java.vm.specification.name" value="Java Virtual Machine Specification"/>
    <property name="sun.os.patch.level" value=""/>
    <property name="native.encoding" value="Cp1252"/>
    <property name="java.library.path" value="C:\Program Files\Microsoft\jdk-17.0.12.7-hotspot\bin;C:\Windows\Sun\Java\bin;C:\Windows\system32;C:\Windows;C:\Program Files\Microsoft\jdk-17.0.12.7-hotspot\bin;C:\Windows\system32;C:\Windows;C:\Windows\System32\Wbem;C:\Windows\System32\WindowsPowerShell\v1.0\;C:\Windows\System32\OpenSSH\;C:\MinGW\bin;C:\Program Files\Git\cmd;C:\Program Files (x86)\NVIDIA Corporation\PhysX\Common;C:\Program Files\dotnet\;C:\Program Files\Cloudflare\Cloudflare WARP\;C:\ProgramData\chocolatey\bin;C:\Users\Asus\AppData\Local\Android\Sdk\platform-tools;C:\Users\Asus\AppData\Roaming\nvm;C:\Program Files\nodejs;C:\Program Files\nodejs;&apos;C:\\Users\\Asus\\Downloads\\djangoreactnativeauth1-master1\\djangoreactnativeauth1-master\\djangoauthapi1\\authenv\\Scripts\\python.exe&apos;;C:\Program Files\NVIDIA Corporation\NVIDIA app\NvDLISR;C:\Program Files\Docker\Docker\resources\bin;C:\Program Files\Maven\apache-maven-3.9.9-bin\apache-maven-3.9.9\bin;C:\Users\Asus\AppData\Local\Programs\Python\Python311\Scripts\;C:\Users\Asus\AppData\Local\Programs\Python\Python311\;C:\Users\Asus\AppData\Local\Microsoft\WindowsApps;C:\Program Files\JetBrains\IntelliJ IDEA 2023.1\bin;C:\Program Files\JetBrains\IntelliJ IDEA Community Edition 2023.1\bin;C:\Program Files\JetBrains\PyCharm 2022.3.3\bin;C:\Program Files\JetBrains\PyCharm Community Edition 2024.1.1\bin;C:\Users\Asus\AppData\Local\Programs\Microsoft VS Code\bin;C:\Users\Asus\AppData\Roaming\npm;C:\Users\Asus\AppData\Local\GitHubDesktop\bin;C:\Users\Asus\AppData\Roaming\nvm;C:\Program Files\nodejs;."/>
    <property name="java.vm.info" value="mixed mode, sharing"/>
    <property name="java.vendor" value="Microsoft"/>
    <property name="java.vm.version" value="17.0.12+7-LTS"/>
    <property name="sun.io.unicode.encoding" value="UnicodeLittle"/>
    <property name="java.class.version" value="61.0"/>
  </properties>
  <testcase name="testValidatesLinks" classname="org.openmrs.module.premium.omod.AdminListExtensionTest" time="0.387"/>
  <testcase name="testMediaTypeIsHtml" classname="org.openmrs.module.premium.omod.AdminListExtensionTest" time="0.0"/>
</testsuite>